<?xml version="1.0" encoding="UTF-8"?>
<testsuite name="repositories.usuarios.UsuarioRepositoryImplTest" tests="6" skipped="0" failures="0" errors="0" timestamp="2022-11-10T17:12:20" hostname="RO-PC" time="1.38">
  <properties/>
  <testcase name="delete()" classname="repositories.usuarios.UsuarioRepositoryImplTest" time="1.201"/>
  <testcase name="findAll()" classname="repositories.usuarios.UsuarioRepositoryImplTest" time="0.05"/>
  <testcase name="update()" classname="repositories.usuarios.UsuarioRepositoryImplTest" time="0.035"/>
  <testcase name="findById()" classname="repositories.usuarios.UsuarioRepositoryImplTest" time="0.031"/>
  <testcase name="findByUUID()" classname="repositories.usuarios.UsuarioRepositoryImplTest" time="0.035"/>
  <testcase name="add()" classname="repositories.usuarios.UsuarioRepositoryImplTest" time="0.024"/>
  <system-out><![CDATA[18:12:21.009 [Test worker] DEBUG Exposed - SELECT SETTING_VALUE FROM INFORMATION_SCHEMA.SETTINGS WHERE SETTING_NAME = 'MODE'
18:12:21.043 [Test worker] DEBUG Exposed - CREATE TABLE IF NOT EXISTS USUARIOS (ID INT AUTO_INCREMENT PRIMARY KEY, UUID UUID NOT NULL, NOMBRE VARCHAR(50) NOT NULL, APELLIDO VARCHAR(50) NOT NULL, EMAIL VARCHAR(50) NOT NULL, PASSWORD VARCHAR(16) NOT NULL, TIPO VARCHAR(13) NOT NULL, DISPONIBLE BOOLEAN NOT NULL)
18:12:21.592 [Test worker] DEBUG Exposed - INSERT INTO USUARIOS (APELLIDO, DISPONIBLE, EMAIL, NOMBRE, PASSWORD, TIPO, UUID) VALUES ('test', TRUE, 'email@email.com', 'Prueba', 'esryu5ert454', 'TRABAJADOR', '20fb0353-fdb5-4208-816d-93fc815692ea')
18:12:21.608 [Test worker] DEBUG Exposed - CREATE TABLE IF NOT EXISTS USUARIOS (ID INT AUTO_INCREMENT PRIMARY KEY, UUID UUID NOT NULL, NOMBRE VARCHAR(50) NOT NULL, APELLIDO VARCHAR(50) NOT NULL, EMAIL VARCHAR(50) NOT NULL, PASSWORD VARCHAR(16) NOT NULL, TIPO VARCHAR(13) NOT NULL, DISPONIBLE BOOLEAN NOT NULL)
18:12:21.610 [Test worker] DEBUG repositories.usuarios.UsuarioRepositoryImpl - Añadiendo usuario
18:12:21.633 [Test worker] DEBUG Exposed - SELECT USUARIOS.ID, USUARIOS.UUID, USUARIOS.NOMBRE, USUARIOS.APELLIDO, USUARIOS.EMAIL, USUARIOS.PASSWORD, USUARIOS.TIPO, USUARIOS.DISPONIBLE FROM USUARIOS WHERE USUARIOS.UUID = '20fb0353-fdb5-4208-816d-93fc815692ea'
18:12:21.638 [Test worker] DEBUG repositories.usuarios.UsuarioRepositoryImpl - Eliminando Usuario
18:12:21.641 [Test worker] DEBUG Exposed - INSERT INTO USUARIOS (APELLIDO, DISPONIBLE, EMAIL, NOMBRE, PASSWORD, TIPO, UUID) VALUES ('test', TRUE, 'email@email.com', 'Prueba', 'esryu5ert454', 'TRABAJADOR', '208cd67d-b8e4-430d-99fb-e035dfb5c5f8')
18:12:21.642 [Test worker] DEBUG Exposed - SELECT USUARIOS.ID, USUARIOS.UUID, USUARIOS.NOMBRE, USUARIOS.APELLIDO, USUARIOS.EMAIL, USUARIOS.PASSWORD, USUARIOS.TIPO, USUARIOS.DISPONIBLE FROM USUARIOS WHERE USUARIOS.UUID = '208cd67d-b8e4-430d-99fb-e035dfb5c5f8'
18:12:21.653 [Test worker] DEBUG Exposed - UPDATE USUARIOS SET DISPONIBLE=FALSE WHERE ID = 1
18:12:21.671 [Test worker] DEBUG Exposed - CREATE TABLE IF NOT EXISTS USUARIOS (ID INT AUTO_INCREMENT PRIMARY KEY, UUID UUID NOT NULL, NOMBRE VARCHAR(50) NOT NULL, APELLIDO VARCHAR(50) NOT NULL, EMAIL VARCHAR(50) NOT NULL, PASSWORD VARCHAR(16) NOT NULL, TIPO VARCHAR(13) NOT NULL, DISPONIBLE BOOLEAN NOT NULL)
18:12:21.677 [Test worker] DEBUG Exposed - SELECT SETTING_VALUE FROM INFORMATION_SCHEMA.SETTINGS WHERE SETTING_NAME = 'MODE'
18:12:21.678 [Test worker] DEBUG Exposed - INSERT INTO USUARIOS (APELLIDO, DISPONIBLE, EMAIL, NOMBRE, PASSWORD, TIPO, UUID) VALUES ('test', TRUE, 'email@email.com', 'Prueba', 'esryu5ert454', 'TRABAJADOR', 'a74d6569-a37a-4ad5-bbf0-976630f47ed4')
18:12:21.688 [Test worker] DEBUG Exposed - CREATE TABLE IF NOT EXISTS USUARIOS (ID INT AUTO_INCREMENT PRIMARY KEY, UUID UUID NOT NULL, NOMBRE VARCHAR(50) NOT NULL, APELLIDO VARCHAR(50) NOT NULL, EMAIL VARCHAR(50) NOT NULL, PASSWORD VARCHAR(16) NOT NULL, TIPO VARCHAR(13) NOT NULL, DISPONIBLE BOOLEAN NOT NULL)
18:12:21.688 [Test worker] DEBUG repositories.usuarios.UsuarioRepositoryImpl - Añadiendo usuario
18:12:21.689 [Test worker] DEBUG Exposed - SELECT USUARIOS.ID, USUARIOS.UUID, USUARIOS.NOMBRE, USUARIOS.APELLIDO, USUARIOS.EMAIL, USUARIOS.PASSWORD, USUARIOS.TIPO, USUARIOS.DISPONIBLE FROM USUARIOS WHERE USUARIOS.UUID = 'a74d6569-a37a-4ad5-bbf0-976630f47ed4'
18:12:21.692 [Test worker] DEBUG repositories.usuarios.UsuarioRepositoryImpl - Buscando todos los usuarios
18:12:21.695 [Test worker] DEBUG Exposed - INSERT INTO USUARIOS (APELLIDO, DISPONIBLE, EMAIL, NOMBRE, PASSWORD, TIPO, UUID) VALUES ('test', TRUE, 'email@email.com', 'Prueba', 'esryu5ert454', 'TRABAJADOR', '6022bf93-ebbb-457e-8d0d-b4c61df245b9')
18:12:21.697 [Test worker] DEBUG Exposed - SELECT USUARIOS.ID, USUARIOS.UUID, USUARIOS.NOMBRE, USUARIOS.APELLIDO, USUARIOS.EMAIL, USUARIOS.PASSWORD, USUARIOS.TIPO, USUARIOS.DISPONIBLE FROM USUARIOS
18:12:21.719 [Test worker] DEBUG Exposed - CREATE TABLE IF NOT EXISTS USUARIOS (ID INT AUTO_INCREMENT PRIMARY KEY, UUID UUID NOT NULL, NOMBRE VARCHAR(50) NOT NULL, APELLIDO VARCHAR(50) NOT NULL, EMAIL VARCHAR(50) NOT NULL, PASSWORD VARCHAR(16) NOT NULL, TIPO VARCHAR(13) NOT NULL, DISPONIBLE BOOLEAN NOT NULL)
18:12:21.724 [Test worker] DEBUG Exposed - SELECT SETTING_VALUE FROM INFORMATION_SCHEMA.SETTINGS WHERE SETTING_NAME = 'MODE'
18:12:21.725 [Test worker] DEBUG Exposed - INSERT INTO USUARIOS (APELLIDO, DISPONIBLE, EMAIL, NOMBRE, PASSWORD, TIPO, UUID) VALUES ('test', TRUE, 'email@email.com', 'Prueba', 'esryu5ert454', 'TRABAJADOR', '6d83386e-b5ca-4b3b-9ca1-689518d12c79')
18:12:21.734 [Test worker] DEBUG Exposed - CREATE TABLE IF NOT EXISTS USUARIOS (ID INT AUTO_INCREMENT PRIMARY KEY, UUID UUID NOT NULL, NOMBRE VARCHAR(50) NOT NULL, APELLIDO VARCHAR(50) NOT NULL, EMAIL VARCHAR(50) NOT NULL, PASSWORD VARCHAR(16) NOT NULL, TIPO VARCHAR(13) NOT NULL, DISPONIBLE BOOLEAN NOT NULL)
18:12:21.734 [Test worker] DEBUG repositories.usuarios.UsuarioRepositoryImpl - Añadiendo usuario
18:12:21.736 [Test worker] DEBUG Exposed - SELECT USUARIOS.ID, USUARIOS.UUID, USUARIOS.NOMBRE, USUARIOS.APELLIDO, USUARIOS.EMAIL, USUARIOS.PASSWORD, USUARIOS.TIPO, USUARIOS.DISPONIBLE FROM USUARIOS WHERE USUARIOS.UUID = '6d83386e-b5ca-4b3b-9ca1-689518d12c79'
18:12:21.741 [Test worker] DEBUG repositories.usuarios.UsuarioRepositoryImpl - Actualizando Usuario
18:12:21.746 [Test worker] DEBUG Exposed - INSERT INTO USUARIOS (APELLIDO, DISPONIBLE, EMAIL, NOMBRE, PASSWORD, TIPO, UUID) VALUES ('test', TRUE, 'actu@email.com', 'Actualizado', 'esryu5ert454', 'TRABAJADOR', '173fa39f-e50e-4359-909d-c45d63c2d0c8')
18:12:21.747 [Test worker] DEBUG Exposed - INSERT INTO USUARIOS (APELLIDO, DISPONIBLE, EMAIL, NOMBRE, PASSWORD, TIPO, UUID) VALUES ('test', TRUE, 'actu@email.com', 'Actualizado', 'esryu5ert454', 'TRABAJADOR', '5768bd07-5a46-44f3-9738-5c9e677f3ce7')
18:12:21.754 [Test worker] DEBUG Exposed - CREATE TABLE IF NOT EXISTS USUARIOS (ID INT AUTO_INCREMENT PRIMARY KEY, UUID UUID NOT NULL, NOMBRE VARCHAR(50) NOT NULL, APELLIDO VARCHAR(50) NOT NULL, EMAIL VARCHAR(50) NOT NULL, PASSWORD VARCHAR(16) NOT NULL, TIPO VARCHAR(13) NOT NULL, DISPONIBLE BOOLEAN NOT NULL)
18:12:21.759 [Test worker] DEBUG Exposed - SELECT SETTING_VALUE FROM INFORMATION_SCHEMA.SETTINGS WHERE SETTING_NAME = 'MODE'
18:12:21.759 [Test worker] DEBUG Exposed - INSERT INTO USUARIOS (APELLIDO, DISPONIBLE, EMAIL, NOMBRE, PASSWORD, TIPO, UUID) VALUES ('test', TRUE, 'email@email.com', 'Prueba', 'esryu5ert454', 'TRABAJADOR', '878ccb6d-e7c0-44c1-b8f5-bb09b7c52a67')
18:12:21.766 [Test worker] DEBUG Exposed - CREATE TABLE IF NOT EXISTS USUARIOS (ID INT AUTO_INCREMENT PRIMARY KEY, UUID UUID NOT NULL, NOMBRE VARCHAR(50) NOT NULL, APELLIDO VARCHAR(50) NOT NULL, EMAIL VARCHAR(50) NOT NULL, PASSWORD VARCHAR(16) NOT NULL, TIPO VARCHAR(13) NOT NULL, DISPONIBLE BOOLEAN NOT NULL)
18:12:21.767 [Test worker] DEBUG repositories.usuarios.UsuarioRepositoryImpl - Añadiendo usuario
18:12:21.768 [Test worker] DEBUG Exposed - SELECT USUARIOS.ID, USUARIOS.UUID, USUARIOS.NOMBRE, USUARIOS.APELLIDO, USUARIOS.EMAIL, USUARIOS.PASSWORD, USUARIOS.TIPO, USUARIOS.DISPONIBLE FROM USUARIOS WHERE USUARIOS.UUID = '878ccb6d-e7c0-44c1-b8f5-bb09b7c52a67'
18:12:21.771 [Test worker] DEBUG Exposed - INSERT INTO USUARIOS (APELLIDO, DISPONIBLE, EMAIL, NOMBRE, PASSWORD, TIPO, UUID) VALUES ('test', TRUE, 'email@email.com', 'Prueba', 'esryu5ert454', 'TRABAJADOR', '221aae2a-ae34-464e-ad5f-93d04aedc495')
18:12:21.774 [Test worker] DEBUG repositories.usuarios.UsuarioRepositoryImpl - Buscando usuario por id: 1
18:12:21.787 [Test worker] DEBUG Exposed - CREATE TABLE IF NOT EXISTS USUARIOS (ID INT AUTO_INCREMENT PRIMARY KEY, UUID UUID NOT NULL, NOMBRE VARCHAR(50) NOT NULL, APELLIDO VARCHAR(50) NOT NULL, EMAIL VARCHAR(50) NOT NULL, PASSWORD VARCHAR(16) NOT NULL, TIPO VARCHAR(13) NOT NULL, DISPONIBLE BOOLEAN NOT NULL)
18:12:21.792 [Test worker] DEBUG Exposed - SELECT SETTING_VALUE FROM INFORMATION_SCHEMA.SETTINGS WHERE SETTING_NAME = 'MODE'
18:12:21.793 [Test worker] DEBUG Exposed - INSERT INTO USUARIOS (APELLIDO, DISPONIBLE, EMAIL, NOMBRE, PASSWORD, TIPO, UUID) VALUES ('test', TRUE, 'email@email.com', 'Prueba', 'esryu5ert454', 'TRABAJADOR', 'de21838f-f189-43fd-85fb-2de1547c1205')
18:12:21.799 [Test worker] DEBUG Exposed - CREATE TABLE IF NOT EXISTS USUARIOS (ID INT AUTO_INCREMENT PRIMARY KEY, UUID UUID NOT NULL, NOMBRE VARCHAR(50) NOT NULL, APELLIDO VARCHAR(50) NOT NULL, EMAIL VARCHAR(50) NOT NULL, PASSWORD VARCHAR(16) NOT NULL, TIPO VARCHAR(13) NOT NULL, DISPONIBLE BOOLEAN NOT NULL)
18:12:21.799 [Test worker] DEBUG repositories.usuarios.UsuarioRepositoryImpl - Añadiendo usuario
18:12:21.800 [Test worker] DEBUG Exposed - SELECT USUARIOS.ID, USUARIOS.UUID, USUARIOS.NOMBRE, USUARIOS.APELLIDO, USUARIOS.EMAIL, USUARIOS.PASSWORD, USUARIOS.TIPO, USUARIOS.DISPONIBLE FROM USUARIOS WHERE USUARIOS.UUID = 'de21838f-f189-43fd-85fb-2de1547c1205'
18:12:21.803 [Test worker] DEBUG repositories.usuarios.UsuarioRepositoryImpl - Buscando por uuid: ad226c43-feec-4d31-b292-6ac69aceab65
18:12:21.807 [Test worker] DEBUG Exposed - INSERT INTO USUARIOS (APELLIDO, DISPONIBLE, EMAIL, NOMBRE, PASSWORD, TIPO, UUID) VALUES ('test', TRUE, 'email@email.com', 'Prueba', 'esryu5ert454', 'TRABAJADOR', 'ad226c43-feec-4d31-b292-6ac69aceab65')
18:12:21.809 [Test worker] DEBUG Exposed - SELECT USUARIOS.ID, USUARIOS.UUID, USUARIOS.NOMBRE, USUARIOS.APELLIDO, USUARIOS.EMAIL, USUARIOS.PASSWORD, USUARIOS.TIPO, USUARIOS.DISPONIBLE FROM USUARIOS WHERE USUARIOS.UUID = 'ad226c43-feec-4d31-b292-6ac69aceab65'
18:12:21.822 [Test worker] DEBUG Exposed - CREATE TABLE IF NOT EXISTS USUARIOS (ID INT AUTO_INCREMENT PRIMARY KEY, UUID UUID NOT NULL, NOMBRE VARCHAR(50) NOT NULL, APELLIDO VARCHAR(50) NOT NULL, EMAIL VARCHAR(50) NOT NULL, PASSWORD VARCHAR(16) NOT NULL, TIPO VARCHAR(13) NOT NULL, DISPONIBLE BOOLEAN NOT NULL)
18:12:21.826 [Test worker] DEBUG Exposed - SELECT SETTING_VALUE FROM INFORMATION_SCHEMA.SETTINGS WHERE SETTING_NAME = 'MODE'
18:12:21.826 [Test worker] DEBUG Exposed - INSERT INTO USUARIOS (APELLIDO, DISPONIBLE, EMAIL, NOMBRE, PASSWORD, TIPO, UUID) VALUES ('test', TRUE, 'email@email.com', 'Prueba', 'esryu5ert454', 'TRABAJADOR', '09574317-8046-4926-8a4f-5b0bfe49dd0b')
18:12:21.834 [Test worker] DEBUG Exposed - CREATE TABLE IF NOT EXISTS USUARIOS (ID INT AUTO_INCREMENT PRIMARY KEY, UUID UUID NOT NULL, NOMBRE VARCHAR(50) NOT NULL, APELLIDO VARCHAR(50) NOT NULL, EMAIL VARCHAR(50) NOT NULL, PASSWORD VARCHAR(16) NOT NULL, TIPO VARCHAR(13) NOT NULL, DISPONIBLE BOOLEAN NOT NULL)
18:12:21.834 [Test worker] DEBUG repositories.usuarios.UsuarioRepositoryImpl - Añadiendo usuario
18:12:21.835 [Test worker] DEBUG Exposed - SELECT USUARIOS.ID, USUARIOS.UUID, USUARIOS.NOMBRE, USUARIOS.APELLIDO, USUARIOS.EMAIL, USUARIOS.PASSWORD, USUARIOS.TIPO, USUARIOS.DISPONIBLE FROM USUARIOS WHERE USUARIOS.UUID = '09574317-8046-4926-8a4f-5b0bfe49dd0b'
18:12:21.840 [Test worker] DEBUG Exposed - INSERT INTO USUARIOS (APELLIDO, DISPONIBLE, EMAIL, NOMBRE, PASSWORD, TIPO, UUID) VALUES ('test', TRUE, 'email@email.com', 'Prueba', 'esryu5ert454', 'TRABAJADOR', '44a9f508-6149-40dd-8f06-f2d31bea022b')
]]></system-out>
  <system-err><![CDATA[]]></system-err>
</testsuite>
